Build started 7/18/2010 1:36:46 PM.
     1>Project "C:\AGAR140\libdeps\lib\alure\alurestream.vcxproj" on node 2 (rebuild target(s)).
     1>_PrepareForClean:
         Deleting file "alurestream.dir\Debug\alurestream.lastbuildstate".
       InitializeBuildStatus:
         Touching "alurestream.dir\Debug\alurestream.unsuccessfulbuild".
       CustomBuild:
         Building Custom Rule C:/Program Files (x86)/CMake 2.8/alure-1.0/CMakeLists.txt
         CMake does not need to re-run because C:\AGAR140\libdeps\lib\alure\CMakeFiles\generate.stamp is up-to-date.
       ClCompile:
         C:\Program Files (x86)\Microsoft Visual Studio 10.0\VC\bin\CL.exe /c /I"C:/Program Files (x86)/CMake 2.8/alure-1.0/include" /IC:/AGAR140/libdeps/lib/alure /I"C:/Program Files (x86)/OpenAL 1.1 SDK/include" /Zi /nologo /W3 /WX- /Od /Ob0 /Oy- /D WIN32 /D _WINDOWS /D _DEBUG /D ALURE_BUILD_LIBRARY /D HAVE_CONFIG_H /D _WIN32 /D "CMAKE_INTDIR=\"Debug\"" /D _MBCS /Gm- /RTC1 /MDd /GS /fp:precise /Zc:wchar_t /Zc:forScope /Fo"alurestream.dir\Debug\\" /Fd"C:/AGAR140/libdeps/lib/alure/Debug/alurestream.pdb" /Gd /TC /analyze- /errorReport:prompt "..\..\..\..\Program Files (x86)\CMake 2.8\alure-1.0\examples\alurestream.c"  /Zm1000 
         alurestream.c
     1>..\..\..\..\Program Files (x86)\CMake 2.8\alure-1.0\examples\alurestream.c(59): warning C4305: 'function' : truncation from 'double' to 'ALfloat'
     1>..\..\..\..\Program Files (x86)\CMake 2.8\alure-1.0\examples\alurestream.c(72): warning C4305: 'function' : truncation from 'double' to 'ALfloat'
       ManifestResourceCompile:
         C:\Program Files (x86)\Microsoft SDKs\Windows\v7.0A\bin\rc.exe /nologo /fo"alurestream.dir\Debug\alurestream.exe.embed.manifest.res" alurestream.dir\Debug\alurestream_manifest.rc 
       Link:
         C:\Program Files (x86)\Microsoft Visual Studio 10.0\VC\bin\link.exe /ERRORREPORT:PROMPT /OUT:"C:\AGAR140\libdeps\lib\alure\Debug\alurestream.exe" /VERSION:"0.0" /INCREMENTAL /NOLOGO kernel32.lib user32.lib gdi32.lib winspool.lib shell32.lib ole32.lib oleaut32.lib uuid.lib comdlg32.lib advapi32.lib Debug\ALURE32.lib "C:\Program Files (x86)\OpenAL 1.1 SDK\libs\Win32\OpenAL32.lib" stdc++.lib /MANIFEST /ManifestFile:"alurestream.dir\Debug\alurestream.exe.intermediate.manifest" /MANIFESTUAC:"level='asInvoker' uiAccess='false'" /DEBUG /PDB:"C:\AGAR140\libdeps\lib\alure\Debug\alurestream.pdb" /SUBSYSTEM:CONSOLE /STACK:"10000000" /TLBID:1 /DYNAMICBASE /NXCOMPAT /IMPLIB:"C:/AGAR140/libdeps/lib/alure/Debug/alurestream.lib" /MACHINE:X86 alurestream.dir\Debug\alurestream.exe.embed.manifest.res
         alurestream.dir\Debug\alurestream.obj  /machine:X86 /debug 
     1>LINK : fatal error LNK1104: cannot open file 'stdc++.lib'
     1>Done Building Project "C:\AGAR140\libdeps\lib\alure\alurestream.vcxproj" (rebuild target(s)) -- FAILED.

Build FAILED.

Time Elapsed 00:00:00.49
