C:\AGAR140\LIBDEPS\LIB\ALURE\ALURE32.DIR\DEBUG\ALURE.OBJ
C:\AGAR140\LIBDEPS\LIB\ALURE\ALURE32.DIR\DEBUG\ALURE32.DLL.EMBED.MANIFEST
C:\AGAR140\LIBDEPS\LIB\ALURE\ALURE32.DIR\DEBUG\ALURE32.DLL.EMBED.MANIFEST.RES
C:\AGAR140\LIBDEPS\LIB\ALURE\ALURE32.DIR\DEBUG\ALURE32.DLL.INTERMEDIATE.MANIFEST
C:\AGAR140\libdeps\lib\alure\ALURE32.dir\Debug\ALURE32.write.1.tlog
C:\AGAR140\libdeps\lib\alure\ALURE32.dir\Debug\ALURE32_manifest.rc
C:\AGAR140\LIBDEPS\LIB\ALURE\ALURE32.DIR\DEBUG\BUFFER.OBJ
C:\AGAR140\libdeps\lib\alure\ALURE32.dir\Debug\cl.command.1.tlog
C:\AGAR140\libdeps\lib\alure\ALURE32.dir\Debug\CL.read.1.tlog
C:\AGAR140\libdeps\lib\alure\ALURE32.dir\Debug\CL.write.1.tlog
C:\AGAR140\libdeps\lib\alure\ALURE32.dir\Debug\custombuild.command.1.tlog
C:\AGAR140\libdeps\lib\alure\ALURE32.dir\Debug\custombuild.read.1.tlog
C:\AGAR140\libdeps\lib\alure\ALURE32.dir\Debug\custombuild.write.1.tlog
C:\AGAR140\libdeps\lib\alure\ALURE32.dir\Debug\link.6776.read.1.tlog
C:\AGAR140\libdeps\lib\alure\ALURE32.dir\Debug\link.6776.write.1.tlog
C:\AGAR140\libdeps\lib\alure\ALURE32.dir\Debug\link.6776-cvtres.read.1.tlog
C:\AGAR140\libdeps\lib\alure\ALURE32.dir\Debug\link.6776-cvtres.write.1.tlog
C:\AGAR140\libdeps\lib\alure\ALURE32.dir\Debug\link.command.1.tlog
C:\AGAR140\libdeps\lib\alure\ALURE32.dir\Debug\link.read.1.tlog
C:\AGAR140\libdeps\lib\alure\ALURE32.dir\Debug\link.write.1.tlog
C:\AGAR140\libdeps\lib\alure\ALURE32.dir\Debug\link-cvtres.read.1.tlog
C:\AGAR140\libdeps\lib\alure\ALURE32.dir\Debug\link-cvtres.write.1.tlog
C:\AGAR140\libdeps\lib\alure\ALURE32.dir\Debug\mt.command.1.tlog
C:\AGAR140\libdeps\lib\alure\ALURE32.dir\Debug\mt.read.1.tlog
C:\AGAR140\libdeps\lib\alure\ALURE32.dir\Debug\mt.write.1.tlog
C:\AGAR140\libdeps\lib\alure\ALURE32.dir\Debug\rc.command.1.tlog
C:\AGAR140\libdeps\lib\alure\ALURE32.dir\Debug\rc.read.1.tlog
C:\AGAR140\libdeps\lib\alure\ALURE32.dir\Debug\rc.write.1.tlog
C:\AGAR140\LIBDEPS\LIB\ALURE\ALURE32.DIR\DEBUG\STREAM.OBJ
C:\AGAR140\LIBDEPS\LIB\ALURE\CMAKEFILES\GENERATE.STAMP
C:\AGAR140\LIBDEPS\LIB\ALURE\DEBUG\ALURE32.DLL
C:\AGAR140\libdeps\lib\alure\Debug\ALURE32.exp
C:\AGAR140\LIBDEPS\LIB\ALURE\DEBUG\ALURE32.ILK
C:\AGAR140\libdeps\lib\alure\Debug\ALURE32.lib
C:\AGAR140\LIBDEPS\LIB\ALURE\DEBUG\ALURE32.PDB
